<?xml version="1.0" encoding="UTF-8"?>
<!-- Generated by org.testng.reporters.JUnitReportReporter -->
<testsuite skipped="0" hostname="DESKTOP-V27OF97" name="tests.OrangeTest" tests="1" failures="0" timestamp="09 Apr 2018 18:05:25 GMT" time="23.484" errors="0">
  <testcase name="OrangeWebsiteTests" time="23.484" classname="tests.OrangeTest"/>
</testsuite> <!-- tests.OrangeTest -->
