<?xml version="1.0" encoding="UTF-8"?>
<!-- Generated by org.testng.reporters.JUnitReportReporter -->
<testsuite skipped="0" hostname="DESKTOP-V27OF97" name="tests.OrangeTest" tests="1" failures="0" timestamp="19 Apr 2018 13:27:30 GMT" time="26.285" errors="0">
  <testcase name="OrangeWebsiteTests" time="26.285" classname="tests.OrangeTest"/>
</testsuite> <!-- tests.OrangeTest -->
