<?xml version="1.0" encoding="UTF-8"?>
<!-- Generated by org.testng.reporters.JUnitReportReporter -->
<testsuite skipped="0" hostname="DESKTOP-V27OF97" name="tests.OrangeTest" tests="1" failures="0" timestamp="08 Apr 2018 21:06:53 GMT" time="17.873" errors="0">
  <testcase name="OrangeWebsiteTests" time="17.873" classname="tests.OrangeTest"/>
</testsuite> <!-- tests.OrangeTest -->
